[2020/08/10-11:00:48:760521][INFO][RLC]: [rlc_control_config_task.c:278] RLC_RRC_TASK receive message = 1100

[2020/08/10-11:00:48:760550][DEBUG][RRC]: [rrc_task.c:947] RRC MODE: 0  receive message 1101 from task: 34 

[2020/08/10-11:00:48:760557][INFO][DRIVER]: [intertask_interface_d2d.c:340] task:34 send message:1101 to task:33 successful!

[2020/08/10-11:00:48:862136][DEBUG][DUMMY]: [dummy_rrc_test_task.c:285] gdummy_timer_cnt = 1 

[2020/08/10-11:00:48:862194][DEBUG][DUMMY]: [dummy_rrc_test_task.c:45] send confirm message type:1301 

[2020/08/10-11:00:48:862204][INFO][DRIVER]: [intertask_interface_d2d.c:340] task:39 send message:1301 to task:33 successful!

[2020/08/10-11:00:48:862208][DEBUG][DUMMY]: [dummy_rrc_test_task.c:45] send confirm message type:1201 

[2020/08/10-11:00:48:862212][INFO][DRIVER]: [intertask_interface_d2d.c:340] task:39 send message:1201 to task:33 successful!

[2020/08/10-11:00:48:862248][DEBUG][RRC]: [rrc_task.c:947] RRC MODE: 0  receive message 1301 from task: 39 

[2020/08/10-11:00:48:862264][DEBUG][RRC]: [rrc_task.c:947] RRC MODE: 0  receive message 1201 from task: 39 

[2020/08/10-11:00:48:862268][ERROR][RRC]: [rrc_initial.c:101] MODE: 0, RRC STATUS = 2

[2020/08/10-11:00:48:862278][INFO][DRIVER]: [intertask_interface_d2d.c:340] task:33 send message:1204 to task:39 successful!

[2020/08/10-11:00:48:962342][DEBUG][DUMMY]: [dummy_rrc_test_task.c:45] send confirm message type:1205 

[2020/08/10-11:00:48:962384][INFO][DRIVER]: [intertask_interface_d2d.c:340] task:39 send message:1205 to task:33 successful!

[2020/08/10-11:00:48:962400][DEBUG][DUMMY]: [dummy_rrc_test_task.c:45] send confirm message type:1205 

[2020/08/10-11:00:48:962406][INFO][DRIVER]: [intertask_interface_d2d.c:340] task:39 send message:1205 to task:33 successful!

[2020/08/10-11:00:48:962419][DEBUG][RRC]: [rrc_task.c:947] RRC MODE: 0  receive message 1205 from task: 39 

[2020/08/10-11:00:48:962453][INFO][DRIVER]: [intertask_interface_d2d.c:340] task:33 send message:1204 to task:39 successful!

[2020/08/10-11:00:48:962458][DEBUG][RRC]: [rrc_task.c:622] RRC source notify MAC to schedule SIB1 

[2020/08/10-11:00:48:962462][DEBUG][RRC]: [rrc_task.c:947] RRC MODE: 0  receive message 1205 from task: 39 

[2020/08/10-11:00:48:962465][DEBUG][RRC]: [rrc_task.c:626] MAC  start to schedule SIB1 successfully

[2020/08/10-11:00:48:962469][DEBUG][RRC]: [rrc_config_rlc.c:133] RRC config RLC SRB info: srb_type = 0,srb_count = 1

[2020/08/10-11:00:48:962472][DEBUG][RRC]: [rrc_config_rlc.c:138] RRC MODE:0, srb index =0, rb_id = 0, rb_rlc_mode = 1

[2020/08/10-11:00:48:962478][INFO][DRIVER]: [intertask_interface_d2d.c:340] task:33 send message:1107 to task:34 successful!

[2020/08/10-11:00:48:962492][INFO][RLC]: [rlc_control_config_task.c:278] RLC_RRC_TASK receive message = 1107

[2020/08/10-11:00:48:962497][INFO][RLC]: [rlc_control_config_task.c:197] [FRAME 00000][SUBFRAME 00000][eNB][MOD 00][RNTI 65535][RB 0] ADD RLC MODE: RLC_MODE_TM_DL

[2020/08/10-11:00:48:962502][WARN][RLC]: [rlc_control_config_task.c:150] [FRAME 00000][SUBFRAME 00000][eNB][MOD 00][RNTI 65535][SRB 0] rrc_rlc_add_rlc:key =94522834688,lc_key=180422180608, insert rlc entity

[2020/08/10-11:00:48:962507][INFO][RLC]: [rlc_control_config_task.c:232] [FRAME 00000][SUBFRAME 00000][eNB][MOD 00][RNTI 65535][RB 0] MODIFY RB TM

[2020/08/10-11:00:48:962510][DEBUG][RLC]: [rlc_tm.c:89] [FRAME 00000][SUBFRAME 00000][eNB][MOD 00][RNTI 65535][SRB TM 00] CONFIG_REQ (is_uplink_downlink=1) RB 0

[2020/08/10-11:00:48:962514][DEBUG][DRIVER]: [mem_block.c:316] OSP_Alloc_Mem = 168,alloc_addr = 2c9b1140, offset = 40,caller:rlc_tm_init,line:55 

[2020/08/10-11:00:48:962518][INFO][RLC]: [rlc_control_config_task.c:409] RRC_RLC_BCCH_PARA_CFG_REQ: SRB add and modify, rb_indx = 0,rb_id = 0, lc_id = 0,			     			rlc_mode = RLC_MODE_TM_DL

[2020/08/10-11:00:48:962524][DEBUG][RRC]: [rrc_task.c:947] RRC MODE: 0  receive message 1108 from task: 34 

[2020/08/10-11:00:48:962528][ERROR][RRC]: [rrc_initial.c:101] MODE: 0, RRC STATUS = 4

[2020/08/10-11:00:48:962533][INFO][DRIVER]: [intertask_interface_d2d.c:340] task:34 send message:1108 to task:33 successful!

[2020/08/10-11:00:49:664905]OSP initializing finished.
[2020/08/10-11:00:49:962641][DEBUG][RRC]: [dummy_rrc_test_task.c:316] SOURCE wait for IDLE stasus

[2020/08/10-11:00:49:962685][DEBUG][DUMMY]: [rrc_d2d_message_process.c:505] Dummy send CCCH_MessageType_PR_rrcConnectionrequest to rrc 

[2020/08/10-11:00:49:962719][INFO][DRIVER]: [intertask_interface_d2d.c:340] task:39 send message:1209 to task:33 successful!

[2020/08/10-11:00:49:962726][DEBUG][DUMMY]: [dummy_rrc_test_task.c:45] send confirm message type:1211 

[2020/08/10-11:00:49:962731][INFO][DRIVER]: [intertask_interface_d2d.c:340] task:39 send message:1211 to task:33 successful!

[2020/08/10-11:00:49:962735][DEBUG][RRC]: [rrc_task.c:947] RRC MODE: 0  receive message 1209 from task: 39 

[2020/08/10-11:00:49:962755][DEBUG][RRC]: [rrc_d2d_message_process.c:857] DecodeD2dCcch, decodoing byte = 3,decode_msg = 14000a70

[2020/08/10-11:00:49:962762][ERROR][RRC]: [rrc_initial.c:101] MODE: 0, RRC STATUS = 5

[2020/08/10-11:00:49:962767][INFO][DRIVER]: [intertask_interface_d2d.c:340] task:33 send message:1210 to task:39 successful!

[2020/08/10-11:00:49:962770][INFO][RRC]: [rrc_task.c:829] SOURCE Receive RRC CONNECT REQUEST:ue_Identity=0, request_cause = 0,allocate ue_index = 0

[2020/08/10-11:00:49:962774][DEBUG][RRC]: [rrc_task.c:947] RRC MODE: 0  receive message 1211 from task: 39 

[2020/08/10-11:00:49:962778][INFO][RRC]: [dictionary.c:87] doesn't find the node, so insert new node to the dictionary, key_rnti = 65280,value_ue_index = 0,elment_number = 2

[2020/08/10-11:00:49:962781][DEBUG][RRC]: [rrc_task.c:683] RRC SOURCE:MAC allocate RNTI = 65280, connect setup config for MAC/RLC 

[2020/08/10-11:00:49:962788][INFO][DRIVER]: [intertask_interface_d2d.c:340] task:33 send message:1109 to task:34 successful!

[2020/08/10-11:00:49:962791][DEBUG][RRC]: [rrc_task.c:712] RRC SOURCEl:MAC allocate RNTI = 65280, connect setup config for MAC/RLC 

[2020/08/10-11:00:49:962804][INFO][RLC]: [rlc_control_config_task.c:278] RLC_RRC_TASK receive message = 1109

[2020/08/10-11:00:49:962810][DEBUG][RRC]: [dictionary.c:129] temp->ue_info.key_ue_rnti = 65535, temp->ue_info.key_ue_index = 0,

[2020/08/10-11:00:49:962813][DEBUG][RRC]: [dictionary.c:129] temp->ue_info.key_ue_rnti = 65280, temp->ue_info.key_ue_index = 0,

[2020/08/10-11:00:49:962816][INFO][RLC]: [rlc_control_config_task.c:424] RRC_RLC_CONNECT_SETUP_CFG_REQ :rnti=65280, ue_index = 0 

[2020/08/10-11:00:49:962821][INFO][RLC]: [rlc_control_config_task.c:197] [FRAME 00000][SUBFRAME 00000][eNB][MOD 00][RNTI 65280][RB 1] ADD RLC MODE: RLC_MODE_TM_DL

[2020/08/10-11:00:49:962826][WARN][RLC]: [rlc_control_config_task.c:150] [FRAME 00000][SUBFRAME 00000][eNB][MOD 00][RNTI 65280][SRB 1] rrc_rlc_add_rlc:key =94556323840,lc_key=180422115328, insert rlc entity

[2020/08/10-11:00:49:962830][INFO][RLC]: [rlc_control_config_task.c:232] [FRAME 00000][SUBFRAME 00000][eNB][MOD 00][RNTI 65280][RB 1] MODIFY RB TM

[2020/08/10-11:00:49:962833][DEBUG][RLC]: [rlc_tm.c:89] [FRAME 00000][SUBFRAME 00000][eNB][MOD 00][RNTI 65280][SRB TM 00] CONFIG_REQ (is_uplink_downlink=1) RB 1

[2020/08/10-11:00:49:962837][DEBUG][DRIVER]: [mem_block.c:316] OSP_Alloc_Mem = 168,alloc_addr = 2c9b2d40, offset = 40,caller:rlc_tm_init,line:55 

[2020/08/10-11:00:49:962841][INFO][RLC]: [rlc_control_config_task.c:468] RRC_RLC_CONNECT_SETUP_CFG_REQ :SRB add and modify, rb_indx = 0,rb_id = 1, lc_id = 0,							rlc_mode = RLC_MODE_TM_DL

[2020/08/10-11:00:49:962844][INFO][RLC]: [rlc_control_config_task.c:197] [FRAME 00000][SUBFRAME 00000][eNB][MOD 00][RNTI 65280][RB 3] ADD RLC MODE: RLC_MODE_UM_DL

[2020/08/10-11:00:49:962848][WARN][RLC]: [rlc_control_config_task.c:150] [FRAME 00000][SUBFRAME 00000][eNB][MOD 00][RNTI 65280][DRB 3] rrc_rlc_add_rlc:key =86033498112,lc_key=171932844032, insert rlc entity

[2020/08/10-11:00:49:962852][INFO][RLC]: [rlc_control_config_task.c:221] [FRAME 00000][SUBFRAME 00000][eNB][MOD 00][RNTI 65280][RB 3] MODIFY RB UM

[2020/08/10-11:00:49:962860][DEBUG][RLC]: [rlc_um.c:130] [FRAME 00000][SUBFRAME 00000][eNB][MOD 00][RNTI 65280][DRB UM 03] [INIT DONE!] STATE VARIABLES, BUFFERS, LISTS

[2020/08/10-11:00:49:962864][DEBUG][RLC]: [rlc_um.c:148] [FRAME 00000][SUBFRAME 00000][eNB][MOD 00][RNTI 65280][DRB UM 03] FSM RLC_NULL_STATE -> RLC_DATA_TRANSFER_READY_STATE

[2020/08/10-11:00:49:962868][DEBUG][RLC]: [rlc_um.c:358] [FRAME 00000][SUBFRAME 00000][eNB][MOD 00][RNTI 65280][DRB UM 03] CONFIG_REQ timer_reordering=20        rx_sn_field_length=10,tx_sn_field_length=10,       is_mXch=0 RB 3

[2020/08/10-11:00:49:962885][ERROR][RLC]: [rlc_control_config_task.c:535] RRC_RLC_CONNECT_SETUP_CFG_REQ :DRB add and modify, rb_indx = 0,rb_id = 3, lc_id = 3,							rlc_mode = RLC_MODE_UM_DL

[2020/08/10-11:00:49:962895][DEBUG][RRC]: [rrc_task.c:947] RRC MODE: 0  receive message 1110 from task: 34 

[2020/08/10-11:00:49:962899][DEBUG][RRC]: [rrc_task.c:726] RRC MODE:0 receive the RLC_RRC_CONNECT_SETUP_CFG_CFM message

[2020/08/10-11:00:49:962902][DEBUG][DUMMY]: [rrc_d2d_message_process.c:564] Dummy send CCCH_MessageType_PR_rrcConnectionsetup to rrc 

[2020/08/10-11:00:49:962926][INFO][RRC]: [rrc_task.c:735] SOURCE generate RRC connect setup message!

[2020/08/10-11:00:49:962932][DEBUG][RRC]: [rrc_config_rlc.c:249] RRC send RLC buffer status inquiry:send data's size = 7

[2020/08/10-11:00:49:962936][INFO][DRIVER]: [intertask_interface_d2d.c:340] task:33 send message:1104 to task:34 successful!

[2020/08/10-11:00:49:962939][ERROR][RRC]: [rrc_initial.c:101] MODE: 0, RRC STATUS = 6

[2020/08/10-11:00:49:962945][INFO][DRIVER]: [intertask_interface_d2d.c:340] task:34 send message:1110 to task:33 successful!

[2020/08/10-11:00:49:962949][INFO][RLC]: [rlc_control_config_task.c:278] RLC_RRC_TASK receive message = 1104

[2020/08/10-11:00:50:962776][DEBUG][RRC]: [dummy_rrc_test_task.c:332] SOURCE wait for connect CONNECTED message  

[2020/08/10-11:00:50:962955][DEBUG][DUMMY]: [rrc_d2d_message_process.c:571] Dummy send CCCH_MessageType_PR_rrcConectioncomplete to rrc 

[2020/08/10-11:00:50:963028][DEBUG][RRC]: [rrc_task.c:947] RRC MODE: 0  receive message 1209 from task: 39 

[2020/08/10-11:00:50:963092][INFO][DRIVER]: [intertask_interface_d2d.c:340] task:39 send message:1209 to task:33 successful!

[2020/08/10-11:00:50:963107][DEBUG][RRC]: [rrc_d2d_message_process.c:857] DecodeD2dCcch, decodoing byte = 1,decode_msg = 14000f40

[2020/08/10-11:00:50:963116][ERROR][RRC]: [rrc_initial.c:101] MODE: 0, RRC STATUS = 7

[2020/08/10-11:00:51:963784][DEBUG][RRC]: [dummy_rrc_test_task.c:345] SOURCE wait for connect complete message  

[2020/08/10-11:00:55:964120][DEBUG][DUMMY]: [dummy_rrc_test_task.c:45] send confirm message type:1212 

[2020/08/10-11:00:55:964167][INFO][DRIVER]: [intertask_interface_d2d.c:340] task:39 send message:1212 to task:33 successful!

[2020/08/10-11:00:55:964270][DEBUG][RRC]: [rrc_task.c:947] RRC MODE: 0  receive message 1212 from task: 39 

[2020/08/10-11:00:55:964286][DEBUG][RRC]: [dictionary.c:129] temp->ue_info.key_ue_rnti = 65535, temp->ue_info.key_ue_index = 0,

[2020/08/10-11:00:55:964290][DEBUG][RRC]: [dictionary.c:129] temp->ue_info.key_ue_rnti = 65280, temp->ue_info.key_ue_index = 0,

[2020/08/10-11:00:55:964317][INFO][DRIVER]: [intertask_interface_d2d.c:340] task:33 send message:1202 to task:39 successful!

[2020/08/10-11:00:55:964342][INFO][DRIVER]: [intertask_interface_d2d.c:340] task:33 send message:1102 to task:34 successful!

[2020/08/10-11:00:55:964359][INFO][DRIVER]: [intertask_interface_d2d.c:340] task:33 send message:1302 to task:39 successful!

[2020/08/10-11:00:55:964365][ERROR][RRC]: [rrc_initial.c:101] MODE: 0, RRC STATUS = 8

[2020/08/10-11:00:55:964369][ERROR][RRC]: [rrc_task.c:284] ERROR!OUT OF SYNC! OUT OF SYNC! g_rrc_release_cnt = 3

[2020/08/10-11:00:55:964377][INFO][RLC]: [rlc_control_config_task.c:278] RLC_RRC_TASK receive message = 1102

[2020/08/10-11:00:55:964381][DEBUG][RRC]: [dictionary.c:129] temp->ue_info.key_ue_rnti = 65535, temp->ue_info.key_ue_index = 0,

[2020/08/10-11:00:55:964388][DEBUG][RRC]: [dictionary.c:129] temp->ue_info.key_ue_rnti = 65280, temp->ue_info.key_ue_index = 0,

[2020/08/10-11:00:55:964393][DEBUG][RLC]: [rlc.c:135] rb_free_rlc_union 0x7f191c001480 

[2020/08/10-11:00:55:964398][DEBUG][DRIVER]: [mem_block.c:233] FREE MEM_BLOCK, caller:rlc_tm_cleanup,line:120

[2020/08/10-11:00:55:964402][DEBUG][RLC]: [rlc.c:135] rb_free_rlc_union 0x7f191c001480 

[2020/08/10-11:00:55:964405][DEBUG][RLC]: [rlc_control_config_task.c:79] [FRAME 00000][SUBFRAME 00000][eNB][MOD 00][RNTI 65280][SRB 1 LCID 0] RELEASED SRB

[2020/08/10-11:00:55:964409][INFO][RLC]: [rlc_control_config_task.c:339] RRC_RLC_RELEASE_REQ :SRB remove, rnti = 65280, rb_indx = 0,rb_id = 1, lc_id = 0,								rlc_mode = RLC_MODE_TM_DL

[2020/08/10-11:00:55:964413][DEBUG][RLC]: [rlc.c:135] rb_free_rlc_union 0x7f191c0016a0 

[2020/08/10-11:00:55:964420][DEBUG][RLC]: [rlc.c:135] rb_free_rlc_union 0x7f191c0016a0 

[2020/08/10-11:00:55:964423][DEBUG][RLC]: [rlc_control_config_task.c:79] [FRAME 00000][SUBFRAME 00000][eNB][MOD 00][RNTI 65280][DRB 3 LCID 3] RELEASED DRB

[2020/08/10-11:00:55:964427][ERROR][RLC]: [rlc_control_config_task.c:366] RRC_RLC_RELEASE_REQ :DRB remove, rb_indx = 0,rb_id = 3, lc_id = 3,							rlc_mode = RLC_MODE_UM_DL

[2020/08/10-11:00:55:964433][DEBUG][RRC]: [rrc_task.c:947] RRC MODE: 0  receive message 1103 from task: 34 

[2020/08/10-11:00:55:964438][INFO][DRIVER]: [intertask_interface_d2d.c:340] task:34 send message:1103 to task:33 successful!

